Using pre-set license
Built from '2021.3/staging' branch; Version is '2021.3.9f1 (ad3870b89536) revision 11352176'; Using compiler version '192829333'; Build Type 'Release'
OS: 'Windows 10  (10.0.19044) 64bit Core' Language: 'en' Physical Memory: 32656 MB
BatchMode: 1, IsHumanControllingUs: 0, StartBugReporterOnCrash: 0, Is64bit: 1, IsPro: 1

COMMAND LINE ARGUMENTS:
C:\Program Files\Unity\Hub\Editor\2021.3.9f1\Editor\Unity.exe
-adb2
-batchMode
-noUpm
-name
AssetImportWorker2
-projectPath
C:/Users/Louie Marcou/OneDrive/Documents/GitHub/MAGD-487-Hack-and-Slash-Game/Medieval-Level
-logFile
Logs/AssetImportWorker2.log
-srvPort
65184
Successfully changed project path to: C:/Users/Louie Marcou/OneDrive/Documents/GitHub/MAGD-487-Hack-and-Slash-Game/Medieval-Level
C:/Users/Louie Marcou/OneDrive/Documents/GitHub/MAGD-487-Hack-and-Slash-Game/Medieval-Level
[UnityMemory] Configuration Parameters - Can be set up in boot.config
    "memorysetup-bucket-allocator-granularity=16"
    "memorysetup-bucket-allocator-bucket-count=8"
    "memorysetup-bucket-allocator-block-size=33554432"
    "memorysetup-bucket-allocator-block-count=8"
    "memorysetup-main-allocator-block-size=16777216"
    "memorysetup-thread-allocator-block-size=16777216"
    "memorysetup-gfx-main-allocator-block-size=16777216"
    "memorysetup-gfx-thread-allocator-block-size=16777216"
    "memorysetup-cache-allocator-block-size=4194304"
    "memorysetup-typetree-allocator-block-size=2097152"
    "memorysetup-profiler-bucket-allocator-granularity=16"
    "memorysetup-profiler-bucket-allocator-bucket-count=8"
    "memorysetup-profiler-bucket-allocator-block-size=33554432"
    "memorysetup-profiler-bucket-allocator-block-count=8"
    "memorysetup-profiler-allocator-block-size=16777216"
    "memorysetup-profiler-editor-allocator-block-size=1048576"
    "memorysetup-temp-allocator-size-main=16777216"
    "memorysetup-job-temp-allocator-block-size=2097152"
    "memorysetup-job-temp-allocator-block-size-background=1048576"
    "memorysetup-job-temp-allocator-reduction-small-platforms=262144"
    "memorysetup-temp-allocator-size-background-worker=32768"
    "memorysetup-temp-allocator-size-job-worker=262144"
    "memorysetup-temp-allocator-size-preload-manager=33554432"
    "memorysetup-temp-allocator-size-nav-mesh-worker=65536"
    "memorysetup-temp-allocator-size-audio-worker=65536"
    "memorysetup-temp-allocator-size-cloud-worker=32768"
    "memorysetup-temp-allocator-size-gi-baking-worker=262144"
    "memorysetup-temp-allocator-size-gfx=262144"
Refreshing native plugins compatible for Editor in 44.45 ms, found 2 plugins.
Preloading 0 native plugins for Editor in 0.00 ms.
Initialize engine version: 2021.3.9f1 (ad3870b89536)
[Subsystems] Discovering subsystems at path C:/Program Files/Unity/Hub/Editor/2021.3.9f1/Editor/Data/Resources/UnitySubsystems
[Subsystems] Discovering subsystems at path C:/Users/Louie Marcou/OneDrive/Documents/GitHub/MAGD-487-Hack-and-Slash-Game/Medieval-Level/Assets
GfxDevice: creating device client; threaded=0; jobified=0
Direct3D:
    Version:  Direct3D 11.0 [level 11.1]
    Renderer: NVIDIA GeForce RTX 3060 (ID=0x2504)
    Vendor:   NVIDIA
    VRAM:     12142 MB
    Driver:   31.0.15.1694
Initialize mono
Mono path[0] = 'C:/Program Files/Unity/Hub/Editor/2021.3.9f1/Editor/Data/Managed'
Mono path[1] = 'C:/Program Files/Unity/Hub/Editor/2021.3.9f1/Editor/Data/MonoBleedingEdge/lib/mono/unityjit-win32'
Mono config path = 'C:/Program Files/Unity/Hub/Editor/2021.3.9f1/Editor/Data/MonoBleedingEdge/etc'
Using monoOptions --debugger-agent=transport=dt_socket,embedding=1,server=y,suspend=n,address=127.0.0.1:56220
Begin MonoManager ReloadAssembly
Registering precompiled unity dll's ...
Register platform support module: C:/Program Files/Unity/Hub/Editor/2021.3.9f1/Editor/Data/PlaybackEngines/MacStandaloneSupport/UnityEditor.OSXStandalone.Extensions.dll
Register platform support module: C:/Program Files/Unity/Hub/Editor/2021.3.9f1/Editor/Data/PlaybackEngines/WindowsStandaloneSupport/UnityEditor.WindowsStandalone.Extensions.dll
Registered in 0.010333 seconds.
Native extension for WindowsStandalone target not found
Native extension for OSXStandalone target not found
Refreshing native plugins compatible for Editor in 44.26 ms, found 2 plugins.
Preloading 0 native plugins for Editor in 0.00 ms.
Mono: successfully reloaded assembly
- Completed reload, in  0.573 seconds
Domain Reload Profiling:
	ReloadAssembly (573ms)
		BeginReloadAssembly (69ms)
			ExecutionOrderSort (0ms)
			DisableScriptedObjects (0ms)
			BackupInstance (0ms)
			ReleaseScriptingObjects (0ms)
			CreateAndSetChildDomain (1ms)
		EndReloadAssembly (391ms)
			LoadAssemblies (68ms)
			RebuildTransferFunctionScriptingTraits (0ms)
			SetupTypeCache (93ms)
			ReleaseScriptCaches (0ms)
			RebuildScriptCaches (23ms)
			SetupLoadedEditorAssemblies (227ms)
				LogAssemblyErrors (0ms)
				InitializePlatformSupportModulesInManaged (10ms)
				SetLoadedEditorAssemblies (0ms)
				RefreshPlugins (44ms)
				BeforeProcessingInitializeOnLoad (1ms)
				ProcessInitializeOnLoadAttributes (129ms)
				ProcessInitializeOnLoadMethodAttributes (42ms)
				AfterProcessingInitializeOnLoad (0ms)
				EditorAssembliesLoaded (0ms)
			ExecutionOrderSort2 (0ms)
			AwakeInstancesAfterBackupRestoration (0ms)
Platform modules already initialized, skipping
Registering precompiled user dll's ...
Registered in 0.003904 seconds.
Begin MonoManager ReloadAssembly
Native extension for WindowsStandalone target not found
Native extension for OSXStandalone target not found
Refreshing native plugins compatible for Editor in 41.27 ms, found 2 plugins.
Preloading 0 native plugins for Editor in 0.00 ms.
Mono: successfully reloaded assembly
- Completed reload, in  0.940 seconds
Domain Reload Profiling:
	ReloadAssembly (941ms)
		BeginReloadAssembly (96ms)
			ExecutionOrderSort (0ms)
			DisableScriptedObjects (5ms)
			BackupInstance (0ms)
			ReleaseScriptingObjects (0ms)
			CreateAndSetChildDomain (14ms)
		EndReloadAssembly (742ms)
			LoadAssemblies (80ms)
			RebuildTransferFunctionScriptingTraits (0ms)
			SetupTypeCache (178ms)
			ReleaseScriptCaches (0ms)
			RebuildScriptCaches (47ms)
			SetupLoadedEditorAssemblies (394ms)
				LogAssemblyErrors (0ms)
				InitializePlatformSupportModulesInManaged (7ms)
				SetLoadedEditorAssemblies (0ms)
				RefreshPlugins (41ms)
				BeforeProcessingInitializeOnLoad (60ms)
				ProcessInitializeOnLoadAttributes (253ms)
				ProcessInitializeOnLoadMethodAttributes (22ms)
				AfterProcessingInitializeOnLoad (10ms)
				EditorAssembliesLoaded (0ms)
			ExecutionOrderSort2 (0ms)
			AwakeInstancesAfterBackupRestoration (7ms)
Platform modules already initialized, skipping
========================================================================
Worker process is ready to serve import requests
Launched and connected shader compiler UnityShaderCompiler.exe after 0.03 seconds
Refreshing native plugins compatible for Editor in 0.51 ms, found 2 plugins.
Preloading 0 native plugins for Editor in 0.00 ms.
Unloading 2538 Unused Serialized files (Serialized files now loaded: 0)
Unloading 55 unused Assets / (2.2 MB). Loaded Objects now: 3026.
Memory consumption went from 158.9 MB to 156.7 MB.
Total: 2.689400 ms (FindLiveObjects: 0.193600 ms CreateObjectMapping: 0.131200 ms MarkObjects: 1.911400 ms  DeleteObjects: 0.452500 ms)

AssetImportParameters requested are different than current active one (requested -> active):
  custom:video-decoder-ogg-theora: a1e56fd34408186e4bbccfd4996cb3dc -> 
  custom:container-muxer-webm: aa71ff27fc2769a1b78a27578f13a17b -> 
  custom:container-demuxer-webm: 4f35f7cbe854078d1ac9338744f61a02 -> 
  custom:video-encoder-webm-vp8: eb34c28f22e8b96e1ab97ce403110664 -> 
  custom:audio-encoder-webm-vorbis: bf7c407c2cedff20999df2af8eb42d56 -> 
  custom:framework-win-MediaFoundation: 216162199b28c13a410421893ffa2e32 -> 
  custom:container-demuxer-ogg: 62fdf1f143b41e24485cea50d1cbac27 -> 
  custom:video-decoder-webm-vp8: 9c59270c3fd7afecdb556c50c9e8de78 -> 
  custom:audio-decoder-ogg-vorbis: bf7c407c2cedff20999df2af8eb42d56 -> 
========================================================================
Received Import Request.
  Time since last request: 607002.284043 seconds.
  path: Assets/dirt3.terrainlayer
  artifactKey: Guid(ce40fde62221d894eadb99a220ca3696) Importer(815301076,1909f56bfc062723c751e8b465ee728b)
Start importing Assets/dirt3.terrainlayer using Guid(ce40fde62221d894eadb99a220ca3696) Importer(815301076,1909f56bfc062723c751e8b465ee728b)  -> (artifact id: 'afff50e31246522e9c99841b0a483138') in 0.068978 seconds 
========================================================================
Received Import Request.
  Time since last request: 0.000013 seconds.
  path: Assets/carpet.terrainlayer
  artifactKey: Guid(741020c8e4b210e4891dbc65112efff1) Importer(815301076,1909f56bfc062723c751e8b465ee728b)
Start importing Assets/carpet.terrainlayer using Guid(741020c8e4b210e4891dbc65112efff1) Importer(815301076,1909f56bfc062723c751e8b465ee728b)  -> (artifact id: 'd18f424bcff8c46f140bdd3b4f3cc0d9') in 0.013412 seconds 
========================================================================
Received Import Request.
  Time since last request: 0.000014 seconds.
  path: Assets/Sky.mat
  artifactKey: Guid(9c2fd2b6ad849154abd1a491eaec0d60) Importer(815301076,1909f56bfc062723c751e8b465ee728b)
Start importing Assets/Sky.mat using Guid(9c2fd2b6ad849154abd1a491eaec0d60) Importer(815301076,1909f56bfc062723c751e8b465ee728b)  -> (artifact id: '85659d1b3655873813fc8c2592b1adfa') in 0.036780 seconds 
========================================================================
Received Import Request.
  Time since last request: 0.000014 seconds.
  path: Assets/playerColor.mat
  artifactKey: Guid(efde63f1bd3bd984985fe3ca66da3f47) Importer(815301076,1909f56bfc062723c751e8b465ee728b)
Start importing Assets/playerColor.mat using Guid(efde63f1bd3bd984985fe3ca66da3f47) Importer(815301076,1909f56bfc062723c751e8b465ee728b)  -> (artifact id: '6b08263f29f82a6e5ea77344a7c4c3a9') in 0.011409 seconds 
========================================================================
Received Import Request.
  Time since last request: 19.637565 seconds.
  path: Assets/3DForge/Fantasy_Interiors/Villages_&_Towns/Prefabs/Forge/fi_vil_forge_anvil.prefab
  artifactKey: Guid(280a353c403060c44bf9605ac066d9fb) Importer(815301076,1909f56bfc062723c751e8b465ee728b)
Start importing Assets/3DForge/Fantasy_Interiors/Villages_&_Towns/Prefabs/Forge/fi_vil_forge_anvil.prefab using Guid(280a353c403060c44bf9605ac066d9fb) Importer(815301076,1909f56bfc062723c751e8b465ee728b)  -> (artifact id: '20d728e701ab1ecd277e1477b06b938f') in 0.028006 seconds 
========================================================================
Received Import Request.
  Time since last request: 0.009226 seconds.
  path: Assets/3DForge/Fantasy_Interiors/Villages_&_Towns/Prefabs/Forge/fi_vil_forge_forge3_lit.prefab
  artifactKey: Guid(c57d6b3dda143104c925f573e7a7fe7c) Importer(815301076,1909f56bfc062723c751e8b465ee728b)
Start importing Assets/3DForge/Fantasy_Interiors/Villages_&_Towns/Prefabs/Forge/fi_vil_forge_forge3_lit.prefab using Guid(c57d6b3dda143104c925f573e7a7fe7c) Importer(815301076,1909f56bfc062723c751e8b465ee728b)  -> (artifact id: 'f1d7b0d371202e5268c481905d1a0984') in 0.030176 seconds 
========================================================================
Received Import Request.
  Time since last request: 0.000019 seconds.
  path: Assets/3DForge/Fantasy_Interiors/Villages_&_Towns/Prefabs/Forge/fi_vil_forge_workbensh_large1.prefab
  artifactKey: Guid(594214fa1d447b947b86a6263f5b8e3c) Importer(815301076,1909f56bfc062723c751e8b465ee728b)
Start importing Assets/3DForge/Fantasy_Interiors/Villages_&_Towns/Prefabs/Forge/fi_vil_forge_workbensh_large1.prefab using Guid(594214fa1d447b947b86a6263f5b8e3c) Importer(815301076,1909f56bfc062723c751e8b465ee728b)  -> (artifact id: 'a6e2cd1d933b15e3d93f291df2301a40') in 0.014128 seconds 
