Using pre-set license
Built from '2021.3/staging' branch; Version is '2021.3.9f1 (ad3870b89536) revision 11352176'; Using compiler version '192829333'; Build Type 'Release'
OS: 'Windows 11  (10.0.22000) 64bit Core' Language: 'en' Physical Memory: 16286 MB
BatchMode: 1, IsHumanControllingUs: 0, StartBugReporterOnCrash: 0, Is64bit: 1, IsPro: 1

COMMAND LINE ARGUMENTS:
C:\Program Files\Unity\Hub\Editor\2021.3.9f1\Editor\Unity.exe
-adb2
-batchMode
-noUpm
-name
AssetImportWorker0
-projectPath
C:/Users/Joseph Cooper/Documents/GitHub/MAGD-487-Hack-and-Slash-Game/Medieval-Level
-logFile
Logs/AssetImportWorker0.log
-srvPort
58215
Successfully changed project path to: C:/Users/Joseph Cooper/Documents/GitHub/MAGD-487-Hack-and-Slash-Game/Medieval-Level
C:/Users/Joseph Cooper/Documents/GitHub/MAGD-487-Hack-and-Slash-Game/Medieval-Level
[UnityMemory] Configuration Parameters - Can be set up in boot.config
    "memorysetup-bucket-allocator-granularity=16"
    "memorysetup-bucket-allocator-bucket-count=8"
    "memorysetup-bucket-allocator-block-size=33554432"
    "memorysetup-bucket-allocator-block-count=8"
    "memorysetup-main-allocator-block-size=16777216"
    "memorysetup-thread-allocator-block-size=16777216"
    "memorysetup-gfx-main-allocator-block-size=16777216"
    "memorysetup-gfx-thread-allocator-block-size=16777216"
    "memorysetup-cache-allocator-block-size=4194304"
    "memorysetup-typetree-allocator-block-size=2097152"
    "memorysetup-profiler-bucket-allocator-granularity=16"
    "memorysetup-profiler-bucket-allocator-bucket-count=8"
    "memorysetup-profiler-bucket-allocator-block-size=33554432"
    "memorysetup-profiler-bucket-allocator-block-count=8"
    "memorysetup-profiler-allocator-block-size=16777216"
    "memorysetup-profiler-editor-allocator-block-size=1048576"
    "memorysetup-temp-allocator-size-main=16777216"
    "memorysetup-job-temp-allocator-block-size=2097152"
    "memorysetup-job-temp-allocator-block-size-background=1048576"
    "memorysetup-job-temp-allocator-reduction-small-platforms=262144"
    "memorysetup-temp-allocator-size-background-worker=32768"
    "memorysetup-temp-allocator-size-job-worker=262144"
    "memorysetup-temp-allocator-size-preload-manager=33554432"
    "memorysetup-temp-allocator-size-nav-mesh-worker=65536"
    "memorysetup-temp-allocator-size-audio-worker=65536"
    "memorysetup-temp-allocator-size-cloud-worker=32768"
    "memorysetup-temp-allocator-size-gi-baking-worker=262144"
    "memorysetup-temp-allocator-size-gfx=262144"
Refreshing native plugins compatible for Editor in 171.27 ms, found 2 plugins.
Preloading 0 native plugins for Editor in 0.00 ms.
Initialize engine version: 2021.3.9f1 (ad3870b89536)
[Subsystems] Discovering subsystems at path C:/Program Files/Unity/Hub/Editor/2021.3.9f1/Editor/Data/Resources/UnitySubsystems
[Subsystems] Discovering subsystems at path C:/Users/Joseph Cooper/Documents/GitHub/MAGD-487-Hack-and-Slash-Game/Medieval-Level/Assets
GfxDevice: creating device client; threaded=0; jobified=0
Direct3D:
    Version:  Direct3D 11.0 [level 11.1]
    Renderer: NVIDIA GeForce GTX 1060 with Max-Q Design (ID=0x1c20)
    Vendor:   NVIDIA
    VRAM:     6043 MB
    Driver:   31.0.15.2647
Initialize mono
Mono path[0] = 'C:/Program Files/Unity/Hub/Editor/2021.3.9f1/Editor/Data/Managed'
Mono path[1] = 'C:/Program Files/Unity/Hub/Editor/2021.3.9f1/Editor/Data/MonoBleedingEdge/lib/mono/unityjit-win32'
Mono config path = 'C:/Program Files/Unity/Hub/Editor/2021.3.9f1/Editor/Data/MonoBleedingEdge/etc'
Using monoOptions --debugger-agent=transport=dt_socket,embedding=1,server=y,suspend=n,address=127.0.0.1:56716
Begin MonoManager ReloadAssembly
Registering precompiled unity dll's ...
Register platform support module: C:/Program Files/Unity/Hub/Editor/2021.3.9f1/Editor/Data/PlaybackEngines/WindowsStandaloneSupport/UnityEditor.WindowsStandalone.Extensions.dll
Registered in 0.007140 seconds.
Native extension for WindowsStandalone target not found
Refreshing native plugins compatible for Editor in 105.11 ms, found 2 plugins.
Preloading 0 native plugins for Editor in 0.00 ms.
Mono: successfully reloaded assembly
- Completed reload, in  1.135 seconds
Domain Reload Profiling:
	ReloadAssembly (1136ms)
		BeginReloadAssembly (107ms)
			ExecutionOrderSort (0ms)
			DisableScriptedObjects (0ms)
			BackupInstance (0ms)
			ReleaseScriptingObjects (0ms)
			CreateAndSetChildDomain (1ms)
		EndReloadAssembly (853ms)
			LoadAssemblies (104ms)
			RebuildTransferFunctionScriptingTraits (0ms)
			SetupTypeCache (193ms)
			ReleaseScriptCaches (0ms)
			RebuildScriptCaches (60ms)
			SetupLoadedEditorAssemblies (500ms)
				LogAssemblyErrors (0ms)
				InitializePlatformSupportModulesInManaged (12ms)
				SetLoadedEditorAssemblies (0ms)
				RefreshPlugins (105ms)
				BeforeProcessingInitializeOnLoad (2ms)
				ProcessInitializeOnLoadAttributes (300ms)
				ProcessInitializeOnLoadMethodAttributes (81ms)
				AfterProcessingInitializeOnLoad (0ms)
				EditorAssembliesLoaded (0ms)
			ExecutionOrderSort2 (0ms)
			AwakeInstancesAfterBackupRestoration (0ms)
Platform modules already initialized, skipping
Registering precompiled user dll's ...
Registered in 0.006495 seconds.
Begin MonoManager ReloadAssembly
Native extension for WindowsStandalone target not found
Refreshing native plugins compatible for Editor in 106.85 ms, found 2 plugins.
Preloading 0 native plugins for Editor in 0.00 ms.
Mono: successfully reloaded assembly
- Completed reload, in  1.982 seconds
Domain Reload Profiling:
	ReloadAssembly (1984ms)
		BeginReloadAssembly (194ms)
			ExecutionOrderSort (0ms)
			DisableScriptedObjects (12ms)
			BackupInstance (0ms)
			ReleaseScriptingObjects (0ms)
			CreateAndSetChildDomain (33ms)
		EndReloadAssembly (1567ms)
			LoadAssemblies (136ms)
			RebuildTransferFunctionScriptingTraits (0ms)
			SetupTypeCache (378ms)
			ReleaseScriptCaches (1ms)
			RebuildScriptCaches (114ms)
			SetupLoadedEditorAssemblies (854ms)
				LogAssemblyErrors (0ms)
				InitializePlatformSupportModulesInManaged (7ms)
				SetLoadedEditorAssemblies (0ms)
				RefreshPlugins (107ms)
				BeforeProcessingInitializeOnLoad (123ms)
				ProcessInitializeOnLoadAttributes (564ms)
				ProcessInitializeOnLoadMethodAttributes (42ms)
				AfterProcessingInitializeOnLoad (11ms)
				EditorAssembliesLoaded (0ms)
			ExecutionOrderSort2 (0ms)
			AwakeInstancesAfterBackupRestoration (11ms)
Platform modules already initialized, skipping
========================================================================
Worker process is ready to serve import requests
Launched and connected shader compiler UnityShaderCompiler.exe after 0.07 seconds
Refreshing native plugins compatible for Editor in 0.91 ms, found 2 plugins.
Preloading 0 native plugins for Editor in 0.00 ms.
Unloading 2545 Unused Serialized files (Serialized files now loaded: 0)
Unloading 55 unused Assets / (2.2 MB). Loaded Objects now: 3033.
Memory consumption went from 162.0 MB to 159.8 MB.
Total: 6.818700 ms (FindLiveObjects: 0.401300 ms CreateObjectMapping: 0.269200 ms MarkObjects: 5.279500 ms  DeleteObjects: 0.867200 ms)

AssetImportParameters requested are different than current active one (requested -> active):
  custom:video-decoder-ogg-theora: a1e56fd34408186e4bbccfd4996cb3dc -> 
  custom:container-muxer-webm: aa71ff27fc2769a1b78a27578f13a17b -> 
  custom:container-demuxer-webm: 4f35f7cbe854078d1ac9338744f61a02 -> 
  custom:video-encoder-webm-vp8: eb34c28f22e8b96e1ab97ce403110664 -> 
  custom:audio-encoder-webm-vorbis: bf7c407c2cedff20999df2af8eb42d56 -> 
  custom:framework-win-MediaFoundation: 216162199b28c13a410421893ffa2e32 -> 
  custom:container-demuxer-ogg: 62fdf1f143b41e24485cea50d1cbac27 -> 
  custom:video-decoder-webm-vp8: 9c59270c3fd7afecdb556c50c9e8de78 -> 
  custom:audio-decoder-ogg-vorbis: bf7c407c2cedff20999df2af8eb42d56 -> 
========================================================================
Received Import Request.
  Time since last request: 968136.231541 seconds.
  path: Assets/PBR Ground Materials #1 [Dirt& Grass]/Textures/Dirt_04
  artifactKey: Guid(bd573abf74bdbbe43ba5e9c44cbc73c2) Importer(815301076,1909f56bfc062723c751e8b465ee728b)
Start importing Assets/PBR Ground Materials #1 [Dirt& Grass]/Textures/Dirt_04 using Guid(bd573abf74bdbbe43ba5e9c44cbc73c2) Importer(815301076,1909f56bfc062723c751e8b465ee728b)  -> (artifact id: '09abf14fb47e00f1aff41e7820eebf71') in 0.016177 seconds 
========================================================================
Received Import Request.
  Time since last request: 39.088496 seconds.
  path: Assets/PBR Ground Materials #1 [Dirt& Grass]/Textures
  artifactKey: Guid(2a2d029c2e8e41a449f8a35591f80b5b) Importer(815301076,1909f56bfc062723c751e8b465ee728b)
Start importing Assets/PBR Ground Materials #1 [Dirt& Grass]/Textures using Guid(2a2d029c2e8e41a449f8a35591f80b5b) Importer(815301076,1909f56bfc062723c751e8b465ee728b)  -> (artifact id: 'b287ffb46cb85c15895b4ea8d1255df8') in 0.005979 seconds 
========================================================================
Received Import Request.
  Time since last request: 61.062045 seconds.
  path: Assets/PBR Ground Materials #1 [Dirt& Grass]/Materials/Grass
  artifactKey: Guid(038735602660a85418863696b06f1579) Importer(815301076,1909f56bfc062723c751e8b465ee728b)
Start importing Assets/PBR Ground Materials #1 [Dirt& Grass]/Materials/Grass using Guid(038735602660a85418863696b06f1579) Importer(815301076,1909f56bfc062723c751e8b465ee728b)  -> (artifact id: '9d73ef28f8583cb5e54e6f3d45314626') in 0.007406 seconds 
========================================================================
Received Import Request.
  Time since last request: 9.431256 seconds.
  path: Assets/PBR Ground Materials #1 [Dirt& Grass]/Materials/Dirt/Dirt_01.mat
  artifactKey: Guid(a398c3c5fc65e4645966749a9fc7c21f) Importer(815301076,1909f56bfc062723c751e8b465ee728b)
Start importing Assets/PBR Ground Materials #1 [Dirt& Grass]/Materials/Dirt/Dirt_01.mat using Guid(a398c3c5fc65e4645966749a9fc7c21f) Importer(815301076,1909f56bfc062723c751e8b465ee728b)  -> (artifact id: '2fe99b073ab4195bf6ae16f18c3c75dc') in 0.186804 seconds 
========================================================================
Received Import Request.
  Time since last request: 0.008227 seconds.
  path: Assets/PBR Ground Materials #1 [Dirt& Grass]/Materials/Dirt/Dirt_04.mat
  artifactKey: Guid(0e75d53589ebb1e42944acf17d247437) Importer(815301076,1909f56bfc062723c751e8b465ee728b)
Start importing Assets/PBR Ground Materials #1 [Dirt& Grass]/Materials/Dirt/Dirt_04.mat using Guid(0e75d53589ebb1e42944acf17d247437) Importer(815301076,1909f56bfc062723c751e8b465ee728b)  -> (artifact id: '86e24d8179b55ea5f5ea2127bf3005e2') in 0.019964 seconds 
========================================================================
Received Import Request.
  Time since last request: 0.000028 seconds.
  path: Assets/PBR Ground Materials #1 [Dirt& Grass]/Materials/Dirt/Dirt_05.mat
  artifactKey: Guid(5650e97f3e158564da9c240c6fd27f66) Importer(815301076,1909f56bfc062723c751e8b465ee728b)
Start importing Assets/PBR Ground Materials #1 [Dirt& Grass]/Materials/Dirt/Dirt_05.mat using Guid(5650e97f3e158564da9c240c6fd27f66) Importer(815301076,1909f56bfc062723c751e8b465ee728b)  -> (artifact id: '3056d77003ce834632f1973470c565f5') in 0.021543 seconds 
========================================================================
Received Import Request.
  Time since last request: 0.068157 seconds.
  path: Assets/PBR Ground Materials #1 [Dirt& Grass]/Materials/Dirt/Dirt_06.mat
  artifactKey: Guid(0fd5d3506c589934fb79d1f609d00d5c) Importer(815301076,1909f56bfc062723c751e8b465ee728b)
Start importing Assets/PBR Ground Materials #1 [Dirt& Grass]/Materials/Dirt/Dirt_06.mat using Guid(0fd5d3506c589934fb79d1f609d00d5c) Importer(815301076,1909f56bfc062723c751e8b465ee728b)  -> (artifact id: '82e3a744517dea2732d4a7abeff78eef') in 0.023487 seconds 
========================================================================
Received Import Request.
  Time since last request: 0.088194 seconds.
  path: Assets/PBR Ground Materials #1 [Dirt& Grass]/Materials/Dirt/Dirt_08.mat
  artifactKey: Guid(395def56f962b5b4e9b2f3f4dae9c9b9) Importer(815301076,1909f56bfc062723c751e8b465ee728b)
Start importing Assets/PBR Ground Materials #1 [Dirt& Grass]/Materials/Dirt/Dirt_08.mat using Guid(395def56f962b5b4e9b2f3f4dae9c9b9) Importer(815301076,1909f56bfc062723c751e8b465ee728b)  -> (artifact id: '37c37a92e65f7bf81de6d882b0d99be3') in 0.019162 seconds 
========================================================================
Received Import Request.
  Time since last request: 0.089943 seconds.
  path: Assets/PBR Ground Materials #1 [Dirt& Grass]/Materials/Dirt/Dirt_10.mat
  artifactKey: Guid(8ac041fdb5b95b543a98945f574ddfb7) Importer(815301076,1909f56bfc062723c751e8b465ee728b)
Start importing Assets/PBR Ground Materials #1 [Dirt& Grass]/Materials/Dirt/Dirt_10.mat using Guid(8ac041fdb5b95b543a98945f574ddfb7) Importer(815301076,1909f56bfc062723c751e8b465ee728b)  -> (artifact id: 'd21709104abb963bdb6d034129f30d4b') in 0.019251 seconds 
========================================================================
Received Import Request.
  Time since last request: 0.085220 seconds.
  path: Assets/PBR Ground Materials #1 [Dirt& Grass]/Materials/Dirt/Dirt_12.mat
  artifactKey: Guid(dc9018357674e8044aa983140cd3ca29) Importer(815301076,1909f56bfc062723c751e8b465ee728b)
Start importing Assets/PBR Ground Materials #1 [Dirt& Grass]/Materials/Dirt/Dirt_12.mat using Guid(dc9018357674e8044aa983140cd3ca29) Importer(815301076,1909f56bfc062723c751e8b465ee728b)  -> (artifact id: 'e9f875b5816200587fd49cef96b5c68b') in 0.020516 seconds 
========================================================================
Received Import Request.
  Time since last request: 0.085046 seconds.
  path: Assets/PBR Ground Materials #1 [Dirt& Grass]/Materials/Dirt/Dirt_14.mat
  artifactKey: Guid(a81356ac397ddc441b8019ac3d3c2762) Importer(815301076,1909f56bfc062723c751e8b465ee728b)
Start importing Assets/PBR Ground Materials #1 [Dirt& Grass]/Materials/Dirt/Dirt_14.mat using Guid(a81356ac397ddc441b8019ac3d3c2762) Importer(815301076,1909f56bfc062723c751e8b465ee728b)  -> (artifact id: 'b57abc45727a2531f68e1fb140ee6c5a') in 0.022106 seconds 
========================================================================
Received Import Request.
  Time since last request: 0.083135 seconds.
  path: Assets/PBR Ground Materials #1 [Dirt& Grass]/Materials/Dirt/Dirt_16.mat
  artifactKey: Guid(886dc08794ee9554b8c6b7f194bdbe5c) Importer(815301076,1909f56bfc062723c751e8b465ee728b)
Start importing Assets/PBR Ground Materials #1 [Dirt& Grass]/Materials/Dirt/Dirt_16.mat using Guid(886dc08794ee9554b8c6b7f194bdbe5c) Importer(815301076,1909f56bfc062723c751e8b465ee728b)  -> (artifact id: 'ccb96f9cd33154a308717744906bf22b') in 0.019055 seconds 
========================================================================
Received Import Request.
  Time since last request: 0.087870 seconds.
  path: Assets/PBR Ground Materials #1 [Dirt& Grass]/Materials/Dirt/Dirt_18.mat
  artifactKey: Guid(92dc7bceb0ad09443a334d5825948026) Importer(815301076,1909f56bfc062723c751e8b465ee728b)
Start importing Assets/PBR Ground Materials #1 [Dirt& Grass]/Materials/Dirt/Dirt_18.mat using Guid(92dc7bceb0ad09443a334d5825948026) Importer(815301076,1909f56bfc062723c751e8b465ee728b)  -> (artifact id: '74da04e37afd385792fe107a5273f08e') in 0.019241 seconds 
========================================================================
Received Import Request.
  Time since last request: 0.083252 seconds.
  path: Assets/PBR Ground Materials #1 [Dirt& Grass]/Materials/Dirt/Dirt_20.mat
  artifactKey: Guid(6af1c6deda2a1b742917c1caa97b82f0) Importer(815301076,1909f56bfc062723c751e8b465ee728b)
Start importing Assets/PBR Ground Materials #1 [Dirt& Grass]/Materials/Dirt/Dirt_20.mat using Guid(6af1c6deda2a1b742917c1caa97b82f0) Importer(815301076,1909f56bfc062723c751e8b465ee728b)  -> (artifact id: 'd4ed369cc2da0c1c479efdc9582b2e42') in 0.018145 seconds 
========================================================================
Received Import Request.
  Time since last request: 0.088679 seconds.
  path: Assets/PBR Ground Materials #1 [Dirt& Grass]/Materials/Dirt/Dirt_22.mat
  artifactKey: Guid(0bee50b1cc7005644ab2fa7fac283ca1) Importer(815301076,1909f56bfc062723c751e8b465ee728b)
Start importing Assets/PBR Ground Materials #1 [Dirt& Grass]/Materials/Dirt/Dirt_22.mat using Guid(0bee50b1cc7005644ab2fa7fac283ca1) Importer(815301076,1909f56bfc062723c751e8b465ee728b)  -> (artifact id: '7f4389fd8f00beccb746ae47c256aa3d') in 0.018303 seconds 
========================================================================
Received Import Request.
  Time since last request: 0.079379 seconds.
  path: Assets/PBR Ground Materials #1 [Dirt& Grass]/Materials/Dirt/Dirt_24.mat
  artifactKey: Guid(0cd62f91930cc65488f9fda9e8b496e5) Importer(815301076,1909f56bfc062723c751e8b465ee728b)
Start importing Assets/PBR Ground Materials #1 [Dirt& Grass]/Materials/Dirt/Dirt_24.mat using Guid(0cd62f91930cc65488f9fda9e8b496e5) Importer(815301076,1909f56bfc062723c751e8b465ee728b)  -> (artifact id: '738f211355c68de72e299307d9402ce1') in 0.018584 seconds 
========================================================================
Received Import Request.
  Time since last request: 0.000033 seconds.
  path: Assets/PBR Ground Materials #1 [Dirt& Grass]/Materials/Dirt/Dirt_26.mat
  artifactKey: Guid(34f570a2226dda648bf2d26b1e052413) Importer(815301076,1909f56bfc062723c751e8b465ee728b)
Start importing Assets/PBR Ground Materials #1 [Dirt& Grass]/Materials/Dirt/Dirt_26.mat using Guid(34f570a2226dda648bf2d26b1e052413) Importer(815301076,1909f56bfc062723c751e8b465ee728b)  -> (artifact id: '0e7c1a328bcb8aa6b70164516c3bcc78') in 0.020338 seconds 
========================================================================
Received Import Request.
  Time since last request: 0.072245 seconds.
  path: Assets/PBR Ground Materials #1 [Dirt& Grass]/Materials/Dirt/Dirt_28.mat
  artifactKey: Guid(a8ced150ed0eb0a43ae9dc5bbc461e96) Importer(815301076,1909f56bfc062723c751e8b465ee728b)
Start importing Assets/PBR Ground Materials #1 [Dirt& Grass]/Materials/Dirt/Dirt_28.mat using Guid(a8ced150ed0eb0a43ae9dc5bbc461e96) Importer(815301076,1909f56bfc062723c751e8b465ee728b)  -> (artifact id: '61ece40dd1794d11808efc22fed5301a') in 0.018053 seconds 
========================================================================
Received Import Request.
  Time since last request: 0.083513 seconds.
  path: Assets/PBR Ground Materials #1 [Dirt& Grass]/Materials/Dirt/Dirt_30.mat
  artifactKey: Guid(35a74ea42ef1b5f4bb52219ecd685541) Importer(815301076,1909f56bfc062723c751e8b465ee728b)
Start importing Assets/PBR Ground Materials #1 [Dirt& Grass]/Materials/Dirt/Dirt_30.mat using Guid(35a74ea42ef1b5f4bb52219ecd685541) Importer(815301076,1909f56bfc062723c751e8b465ee728b)  -> (artifact id: 'f48d3a370b1b89c70111e811720403f1') in 0.023057 seconds 
========================================================================
Received Import Request.
  Time since last request: 114.102515 seconds.
  path: Assets/Nice Materials Pack 2/Shaders
  artifactKey: Guid(8c97b086bc935453e891f63be0db50f0) Importer(815301076,1909f56bfc062723c751e8b465ee728b)
Start importing Assets/Nice Materials Pack 2/Shaders using Guid(8c97b086bc935453e891f63be0db50f0) Importer(815301076,1909f56bfc062723c751e8b465ee728b)  -> (artifact id: '735cf28684936e32c639ca42050b0f5c') in 0.009285 seconds 
========================================================================
Received Import Request.
  Time since last request: 36.018032 seconds.
  path: Assets/Nice Materials Pack 2/OtherAssets/Animation
  artifactKey: Guid(b193da190439c42df99a90ed79cbf3a4) Importer(815301076,1909f56bfc062723c751e8b465ee728b)
Start importing Assets/Nice Materials Pack 2/OtherAssets/Animation using Guid(b193da190439c42df99a90ed79cbf3a4) Importer(815301076,1909f56bfc062723c751e8b465ee728b)  -> (artifact id: 'd404d5d94d2ba359237eeb2c49f47f46') in 0.006056 seconds 
========================================================================
Received Import Request.
  Time since last request: 7.868444 seconds.
  path: Assets/Nice Materials Pack 2/OtherAssets/Objects
  artifactKey: Guid(185810c48b1fc4f82b822f854bd3be24) Importer(815301076,1909f56bfc062723c751e8b465ee728b)
Start importing Assets/Nice Materials Pack 2/OtherAssets/Objects using Guid(185810c48b1fc4f82b822f854bd3be24) Importer(815301076,1909f56bfc062723c751e8b465ee728b)  -> (artifact id: 'c0c20757c0bf154208566b8f98ad4c27') in 0.006546 seconds 
========================================================================
Received Import Request.
  Time since last request: 1.890347 seconds.
  path: Assets/Nice Materials Pack 2/OtherAssets/Objects/Materials
  artifactKey: Guid(dd3754c1ab85149c2ab7932e3a4aee27) Importer(815301076,1909f56bfc062723c751e8b465ee728b)
Start importing Assets/Nice Materials Pack 2/OtherAssets/Objects/Materials using Guid(dd3754c1ab85149c2ab7932e3a4aee27) Importer(815301076,1909f56bfc062723c751e8b465ee728b)  -> (artifact id: '8e5afea2d8e8364697cff5be49ac59f2') in 0.005362 seconds 
========================================================================
Received Import Request.
  Time since last request: 7.613866 seconds.
  path: Assets/Nice Materials Pack 2/OtherAssets/Textures
  artifactKey: Guid(a2da29dddfc6f4b5b9351cf9a68eaa64) Importer(815301076,1909f56bfc062723c751e8b465ee728b)
Start importing Assets/Nice Materials Pack 2/OtherAssets/Textures using Guid(a2da29dddfc6f4b5b9351cf9a68eaa64) Importer(815301076,1909f56bfc062723c751e8b465ee728b)  -> (artifact id: '481e521246cec8da9bc353798e34eec4') in 0.002029 seconds 
========================================================================
Received Import Request.
  Time since last request: 7.355760 seconds.
  path: Assets/Nice Materials Pack 2/OtherAssets/Skyboxes(AssetStoreFree)
  artifactKey: Guid(ca22bd59513c747e4bf70f42b6b7132b) Importer(815301076,1909f56bfc062723c751e8b465ee728b)
Start importing Assets/Nice Materials Pack 2/OtherAssets/Skyboxes(AssetStoreFree) using Guid(ca22bd59513c747e4bf70f42b6b7132b) Importer(815301076,1909f56bfc062723c751e8b465ee728b)  -> (artifact id: '073deeb232feeb2d8d736cc2fff63b10') in 0.008646 seconds 
========================================================================
Received Import Request.
  Time since last request: 44.854887 seconds.
  path: Assets/Nice Materials Pack 2/Shaders/PaintedWall.shader
  artifactKey: Guid(a28ac832d1fd64c2caabef2f93917cbf) Importer(815301076,1909f56bfc062723c751e8b465ee728b)
Start importing Assets/Nice Materials Pack 2/Shaders/PaintedWall.shader using Guid(a28ac832d1fd64c2caabef2f93917cbf) Importer(815301076,1909f56bfc062723c751e8b465ee728b)  -> (artifact id: 'b736d1f6f0199635fb86935bc6cb0298') in 0.009481 seconds 
========================================================================
Received Import Request.
  Time since last request: 0.368085 seconds.
  path: Assets/Nice Materials Pack 2/Shaders/Lino.shader
  artifactKey: Guid(86b244a5ec1274bae92eaad11c31ca35) Importer(815301076,1909f56bfc062723c751e8b465ee728b)
Start importing Assets/Nice Materials Pack 2/Shaders/Lino.shader using Guid(86b244a5ec1274bae92eaad11c31ca35) Importer(815301076,1909f56bfc062723c751e8b465ee728b)  -> (artifact id: '77c85909e813146ae5b206272a64d16b') in 0.007262 seconds 
========================================================================
Received Import Request.
  Time since last request: 2.336017 seconds.
  path: Assets/Nice Materials Pack 2/Shaders/Cloth.shader
  artifactKey: Guid(0d21555174836451ea20b459d333fb6c) Importer(815301076,1909f56bfc062723c751e8b465ee728b)
Start importing Assets/Nice Materials Pack 2/Shaders/Cloth.shader using Guid(0d21555174836451ea20b459d333fb6c) Importer(815301076,1909f56bfc062723c751e8b465ee728b)  -> (artifact id: '75bcff69e64c57a1650286b590862c8d') in 0.008006 seconds 
========================================================================
Received Import Request.
  Time since last request: 1.107254 seconds.
  path: Assets/Nice Materials Pack 2/Shaders/Carpet.shader
  artifactKey: Guid(0da88218978564f2ea42d36f73b48fe6) Importer(815301076,1909f56bfc062723c751e8b465ee728b)
Start importing Assets/Nice Materials Pack 2/Shaders/Carpet.shader using Guid(0da88218978564f2ea42d36f73b48fe6) Importer(815301076,1909f56bfc062723c751e8b465ee728b)  -> (artifact id: '5e3c8d5227fbeba9912f4ddad2e66fda') in 0.007423 seconds 
========================================================================
Received Import Request.
  Time since last request: 3.295156 seconds.
  path: Assets/Nice Materials Pack 2/Shaders/ScratchedWood.shader
  artifactKey: Guid(41e8bd5085fc54284a34a416c25651b6) Importer(815301076,1909f56bfc062723c751e8b465ee728b)
Start importing Assets/Nice Materials Pack 2/Shaders/ScratchedWood.shader using Guid(41e8bd5085fc54284a34a416c25651b6) Importer(815301076,1909f56bfc062723c751e8b465ee728b)  -> (artifact id: '520f55ffce8b50646acc0c3e6473b61f') in 0.006324 seconds 
========================================================================
Received Import Request.
  Time since last request: 100.279214 seconds.
  path: Assets/ADG_Textures/ground_vol1/ground1
  artifactKey: Guid(65ed503bf49a7e64a80452a542b64e1a) Importer(815301076,1909f56bfc062723c751e8b465ee728b)
Start importing Assets/ADG_Textures/ground_vol1/ground1 using Guid(65ed503bf49a7e64a80452a542b64e1a) Importer(815301076,1909f56bfc062723c751e8b465ee728b)  -> (artifact id: '59629c0706021362eb9e97b7944dc97f') in 0.005605 seconds 
========================================================================
Received Import Request.
  Time since last request: 0.098765 seconds.
  path: Assets/ADG_Textures/ground_vol1/ground1/ground1_Ambient_Occlusion.tga
  artifactKey: Guid(c1bc467cfaaedf540b3910d72cb62cb8) Importer(815301076,1909f56bfc062723c751e8b465ee728b)
Start importing Assets/ADG_Textures/ground_vol1/ground1/ground1_Ambient_Occlusion.tga using Guid(c1bc467cfaaedf540b3910d72cb62cb8) Importer(815301076,1909f56bfc062723c751e8b465ee728b)  -> (artifact id: 'c73be08f63df10de708c4b8557f3e076') in 0.079521 seconds 
========================================================================
Received Import Request.
  Time since last request: 0.971984 seconds.
  path: Assets/ADG_Textures/ground_vol1/ground1/ground1_Height.tga
  artifactKey: Guid(2a92ec3b24546c447ae2a5f5da6f3db8) Importer(815301076,1909f56bfc062723c751e8b465ee728b)
Start importing Assets/ADG_Textures/ground_vol1/ground1/ground1_Height.tga using Guid(2a92ec3b24546c447ae2a5f5da6f3db8) Importer(815301076,1909f56bfc062723c751e8b465ee728b)  -> (artifact id: '2dc5729e45536e67159a2d22e2805056') in 0.031497 seconds 
========================================================================
Received Import Request.
  Time since last request: 0.000029 seconds.
  path: Assets/ADG_Textures/ground_vol1/ground1/ground1_Metallic.tga
  artifactKey: Guid(33d10529b8ef9af47a3d97a1c7419649) Importer(815301076,1909f56bfc062723c751e8b465ee728b)
Start importing Assets/ADG_Textures/ground_vol1/ground1/ground1_Metallic.tga using Guid(33d10529b8ef9af47a3d97a1c7419649) Importer(815301076,1909f56bfc062723c751e8b465ee728b)  -> (artifact id: 'f4fdb5a1a2fc4826e5229e1baa0d655e') in 0.024913 seconds 
========================================================================
Received Import Request.
  Time since last request: 3.458106 seconds.
  path: Assets/ADG_Textures/ground_vol1/ground3
  artifactKey: Guid(b22288eee5508544f802000ed94bcf19) Importer(815301076,1909f56bfc062723c751e8b465ee728b)
Start importing Assets/ADG_Textures/ground_vol1/ground3 using Guid(b22288eee5508544f802000ed94bcf19) Importer(815301076,1909f56bfc062723c751e8b465ee728b)  -> (artifact id: '550b9f348dbb3f46167190b0304a4e79') in 0.006381 seconds 
========================================================================
Received Import Request.
  Time since last request: 0.093092 seconds.
  path: Assets/ADG_Textures/ground_vol1/ground3/ground3_Ambient_Occlusion.tga
  artifactKey: Guid(ffe490c725fffcb479786a6e534250b9) Importer(815301076,1909f56bfc062723c751e8b465ee728b)
Start importing Assets/ADG_Textures/ground_vol1/ground3/ground3_Ambient_Occlusion.tga using Guid(ffe490c725fffcb479786a6e534250b9) Importer(815301076,1909f56bfc062723c751e8b465ee728b)  -> (artifact id: 'a7fce57228a2a5c20fd9119e283e3874') in 0.022454 seconds 
========================================================================
Received Import Request.
  Time since last request: 0.000021 seconds.
  path: Assets/ADG_Textures/ground_vol1/ground3/ground3_Height.tga
  artifactKey: Guid(05969a2c28cfe044cadd6d4b9d12eb3c) Importer(815301076,1909f56bfc062723c751e8b465ee728b)
Start importing Assets/ADG_Textures/ground_vol1/ground3/ground3_Height.tga using Guid(05969a2c28cfe044cadd6d4b9d12eb3c) Importer(815301076,1909f56bfc062723c751e8b465ee728b)  -> (artifact id: '7e3b83c9a1696bc9b3da84c37917d0fa') in 0.025940 seconds 
========================================================================
Received Import Request.
  Time since last request: 0.000026 seconds.
  path: Assets/ADG_Textures/ground_vol1/ground3/ground3_Normal.tga
  artifactKey: Guid(c138e91626b4607499e005102913a875) Importer(815301076,1909f56bfc062723c751e8b465ee728b)
Start importing Assets/ADG_Textures/ground_vol1/ground3/ground3_Normal.tga using Guid(c138e91626b4607499e005102913a875) Importer(815301076,1909f56bfc062723c751e8b465ee728b)  -> (artifact id: '074acb2a7c4717a881758b719f8068b4') in 0.037261 seconds 
========================================================================
Received Import Request.
  Time since last request: 3.027142 seconds.
  path: Assets/ADG_Textures/ground_vol1/ground4/ground4_Diffuse.tga
  artifactKey: Guid(9875bf7345d4ac04ab35f3b9ed63a954) Importer(815301076,1909f56bfc062723c751e8b465ee728b)
Start importing Assets/ADG_Textures/ground_vol1/ground4/ground4_Diffuse.tga using Guid(9875bf7345d4ac04ab35f3b9ed63a954) Importer(815301076,1909f56bfc062723c751e8b465ee728b)  -> (artifact id: '15b7a318e97e4ce657fd5487773e181d') in 0.021852 seconds 
========================================================================
Received Import Request.
  Time since last request: 0.000019 seconds.
  path: Assets/ADG_Textures/ground_vol1/ground4/ground4_Metallic.tga
  artifactKey: Guid(fb1c850a227a62544b63c6626cfa8ba8) Importer(815301076,1909f56bfc062723c751e8b465ee728b)
Start importing Assets/ADG_Textures/ground_vol1/ground4/ground4_Metallic.tga using Guid(fb1c850a227a62544b63c6626cfa8ba8) Importer(815301076,1909f56bfc062723c751e8b465ee728b)  -> (artifact id: 'ce2b70f302a11593741b980317109100') in 0.028111 seconds 
========================================================================
Received Import Request.
  Time since last request: 1.913908 seconds.
  path: Assets/ADG_Textures/ground_vol1/ground5/ground5_Diffuse.tga
  artifactKey: Guid(216e2729631e003468211108545a08f1) Importer(815301076,1909f56bfc062723c751e8b465ee728b)
Start importing Assets/ADG_Textures/ground_vol1/ground5/ground5_Diffuse.tga using Guid(216e2729631e003468211108545a08f1) Importer(815301076,1909f56bfc062723c751e8b465ee728b)  -> (artifact id: '8d1faaf29cd8532149f064e331854f45') in 0.022943 seconds 
========================================================================
Received Import Request.
  Time since last request: 0.000025 seconds.
  path: Assets/ADG_Textures/ground_vol1/ground5/ground5_Metallic.tga
  artifactKey: Guid(8d63b7caa4e75dd4aa5e84f4b97befa6) Importer(815301076,1909f56bfc062723c751e8b465ee728b)
Start importing Assets/ADG_Textures/ground_vol1/ground5/ground5_Metallic.tga using Guid(8d63b7caa4e75dd4aa5e84f4b97befa6) Importer(815301076,1909f56bfc062723c751e8b465ee728b)  -> (artifact id: '2d94343c6a3ba154d856042b7faec21c') in 0.033326 seconds 
========================================================================
Received Import Request.
  Time since last request: 6.543724 seconds.
  path: Assets/ADG_Textures/ground_vol1/ground6/ground6_Diffuse.tga
  artifactKey: Guid(6dff70b1f69dbc640b854ad550b78c39) Importer(815301076,1909f56bfc062723c751e8b465ee728b)
Start importing Assets/ADG_Textures/ground_vol1/ground6/ground6_Diffuse.tga using Guid(6dff70b1f69dbc640b854ad550b78c39) Importer(815301076,1909f56bfc062723c751e8b465ee728b)  -> (artifact id: 'a6cb83cd4857a5f2ff7a9d85b32471ad') in 0.021482 seconds 
========================================================================
Received Import Request.
  Time since last request: 0.004592 seconds.
  path: Assets/ADG_Textures/ground_vol1/ground6/ground6_Normal.tga
  artifactKey: Guid(7fa0035d52e52164dbe94df41517b0b7) Importer(815301076,1909f56bfc062723c751e8b465ee728b)
Start importing Assets/ADG_Textures/ground_vol1/ground6/ground6_Normal.tga using Guid(7fa0035d52e52164dbe94df41517b0b7) Importer(815301076,1909f56bfc062723c751e8b465ee728b)  -> (artifact id: 'ef6ad4d731d0948c077d704569c6e4a2') in 0.036442 seconds 
========================================================================
Received Import Request.
  Time since last request: 79.525837 seconds.
  path: Assets/ADG_Textures/ground_vol1/ground2/ground2_Diffuse.tga
  artifactKey: Guid(ef1fbc9bae2718d4a8dbe2baaa01399c) Importer(815301076,1909f56bfc062723c751e8b465ee728b)
Start importing Assets/ADG_Textures/ground_vol1/ground2/ground2_Diffuse.tga using Guid(ef1fbc9bae2718d4a8dbe2baaa01399c) Importer(815301076,1909f56bfc062723c751e8b465ee728b)  -> (artifact id: '06a84e67ecd3aed96fbf845ab2b5d3f5') in 0.024753 seconds 
========================================================================
Received Import Request.
  Time since last request: 0.000027 seconds.
  path: Assets/ADG_Textures/ground_vol1/ground2/ground2_Metallic.tga
  artifactKey: Guid(05ec23c4c1d2ad54eaebfd0bf25af051) Importer(815301076,1909f56bfc062723c751e8b465ee728b)
Start importing Assets/ADG_Textures/ground_vol1/ground2/ground2_Metallic.tga using Guid(05ec23c4c1d2ad54eaebfd0bf25af051) Importer(815301076,1909f56bfc062723c751e8b465ee728b)  -> (artifact id: '46759b054cb32e405ca204e96d7c142f') in 0.025947 seconds 
========================================================================
Received Import Request.
  Time since last request: 9.001110 seconds.
  path: Assets/ADG_Textures/ground_vol1/ground7/ground7_Diffuse.tga
  artifactKey: Guid(3d6ea8373013b3546a620f84802e06f6) Importer(815301076,1909f56bfc062723c751e8b465ee728b)
Start importing Assets/ADG_Textures/ground_vol1/ground7/ground7_Diffuse.tga using Guid(3d6ea8373013b3546a620f84802e06f6) Importer(815301076,1909f56bfc062723c751e8b465ee728b)  -> (artifact id: '31579d19b5dcb50bb6a4d7e2b9cb179b') in 0.028247 seconds 
========================================================================
Received Import Request.
  Time since last request: 0.000023 seconds.
  path: Assets/ADG_Textures/ground_vol1/ground7/ground7_Metallic.tga
  artifactKey: Guid(e9d30098b0fc07a4887f73b87ad656f5) Importer(815301076,1909f56bfc062723c751e8b465ee728b)
Start importing Assets/ADG_Textures/ground_vol1/ground7/ground7_Metallic.tga using Guid(e9d30098b0fc07a4887f73b87ad656f5) Importer(815301076,1909f56bfc062723c751e8b465ee728b)  -> (artifact id: 'b9aa2eb92a0a57ebb39223f2c2ddc868') in 0.034043 seconds 
========================================================================
Received Import Request.
  Time since last request: 1.465408 seconds.
  path: Assets/ADG_Textures/ground_vol1/ground8/ground8_Diffuse.tga
  artifactKey: Guid(27dcac97c77064349b5278157901e387) Importer(815301076,1909f56bfc062723c751e8b465ee728b)
Start importing Assets/ADG_Textures/ground_vol1/ground8/ground8_Diffuse.tga using Guid(27dcac97c77064349b5278157901e387) Importer(815301076,1909f56bfc062723c751e8b465ee728b)  -> (artifact id: '0b3111be7125147e560b08abf5db59fb') in 0.031445 seconds 
========================================================================
Received Import Request.
  Time since last request: 0.000056 seconds.
  path: Assets/ADG_Textures/ground_vol1/ground8/ground8_Metallic.tga
  artifactKey: Guid(a08e6063e7e3b4a45b860146c8c613dc) Importer(815301076,1909f56bfc062723c751e8b465ee728b)
Start importing Assets/ADG_Textures/ground_vol1/ground8/ground8_Metallic.tga using Guid(a08e6063e7e3b4a45b860146c8c613dc) Importer(815301076,1909f56bfc062723c751e8b465ee728b)  -> (artifact id: 'ec994961533c88afa83fbaa513a2fb4d') in 0.031964 seconds 
========================================================================
Received Import Request.
  Time since last request: 1.192941 seconds.
  path: Assets/ADG_Textures/ground_vol1/ground9/ground9_Diffuse.tga
  artifactKey: Guid(9d90663c9ea0d484eae41530ee2031c5) Importer(815301076,1909f56bfc062723c751e8b465ee728b)
Start importing Assets/ADG_Textures/ground_vol1/ground9/ground9_Diffuse.tga using Guid(9d90663c9ea0d484eae41530ee2031c5) Importer(815301076,1909f56bfc062723c751e8b465ee728b)  -> (artifact id: '9f6847769fbe87085667d6b263903e3f') in 0.030471 seconds 
========================================================================
Received Import Request.
  Time since last request: 0.000040 seconds.
  path: Assets/ADG_Textures/ground_vol1/ground9/ground9_Metallic.tga
  artifactKey: Guid(e0fd2876c23733c4ebf4f3771c51dd3f) Importer(815301076,1909f56bfc062723c751e8b465ee728b)
Start importing Assets/ADG_Textures/ground_vol1/ground9/ground9_Metallic.tga using Guid(e0fd2876c23733c4ebf4f3771c51dd3f) Importer(815301076,1909f56bfc062723c751e8b465ee728b)  -> (artifact id: 'cce691c48c6600e4782c844ec1ac88e0') in 0.031975 seconds 
========================================================================
Received Import Request.
  Time since last request: 1.643882 seconds.
  path: Assets/ADG_Textures/ground_vol1/ground10/ground10_Diffuse.tga
  artifactKey: Guid(877fd89f59f209b48af33c4e3e45498d) Importer(815301076,1909f56bfc062723c751e8b465ee728b)
Start importing Assets/ADG_Textures/ground_vol1/ground10/ground10_Diffuse.tga using Guid(877fd89f59f209b48af33c4e3e45498d) Importer(815301076,1909f56bfc062723c751e8b465ee728b)  -> (artifact id: '7321d3ddb65327e9f15bb6a5a199a5cb') in 0.028228 seconds 
========================================================================
Received Import Request.
  Time since last request: 0.000036 seconds.
  path: Assets/ADG_Textures/ground_vol1/ground10/ground10_Metallic.tga
  artifactKey: Guid(3474fc5fa2382534a9b157133916e485) Importer(815301076,1909f56bfc062723c751e8b465ee728b)
Start importing Assets/ADG_Textures/ground_vol1/ground10/ground10_Metallic.tga using Guid(3474fc5fa2382534a9b157133916e485) Importer(815301076,1909f56bfc062723c751e8b465ee728b)  -> (artifact id: 'b33be834c48b0d9452b27ac08dc8286d') in 0.030198 seconds 
========================================================================
Received Import Request.
  Time since last request: 1.412446 seconds.
  path: Assets/ADG_Textures/ground_vol1/ground11/ground11_Diffuse.tga
  artifactKey: Guid(c43f9982d7a1d574f8ad78bdc6fa59b6) Importer(815301076,1909f56bfc062723c751e8b465ee728b)
Start importing Assets/ADG_Textures/ground_vol1/ground11/ground11_Diffuse.tga using Guid(c43f9982d7a1d574f8ad78bdc6fa59b6) Importer(815301076,1909f56bfc062723c751e8b465ee728b)  -> (artifact id: 'f75fcfbaa12255530d39fd209d07064b') in 0.028389 seconds 
========================================================================
Received Import Request.
  Time since last request: 0.004942 seconds.
  path: Assets/ADG_Textures/ground_vol1/ground11/ground11_Metallic.tga
  artifactKey: Guid(fdc3ee6e61750944387c2bddc6de10ab) Importer(815301076,1909f56bfc062723c751e8b465ee728b)
Start importing Assets/ADG_Textures/ground_vol1/ground11/ground11_Metallic.tga using Guid(fdc3ee6e61750944387c2bddc6de10ab) Importer(815301076,1909f56bfc062723c751e8b465ee728b)  -> (artifact id: '4bb593bdff7817a6527d7ab9536ceff6') in 0.029587 seconds 
========================================================================
Received Import Request.
  Time since last request: 18.557454 seconds.
  path: Assets/ADG_Textures/ground_vol1/ground13/ground13_Diffuse.tga
  artifactKey: Guid(cce9f7be0e1b10244979707127c0bfc5) Importer(815301076,1909f56bfc062723c751e8b465ee728b)
Start importing Assets/ADG_Textures/ground_vol1/ground13/ground13_Diffuse.tga using Guid(cce9f7be0e1b10244979707127c0bfc5) Importer(815301076,1909f56bfc062723c751e8b465ee728b)  -> (artifact id: 'd78f4bda5d7d9d4051329a2d30ade0e8') in 0.025030 seconds 
========================================================================
Received Import Request.
  Time since last request: 0.000023 seconds.
  path: Assets/ADG_Textures/ground_vol1/ground13/ground13_Metallic.tga
  artifactKey: Guid(4d2c3481f7fceba4bb8e65a157391583) Importer(815301076,1909f56bfc062723c751e8b465ee728b)
Start importing Assets/ADG_Textures/ground_vol1/ground13/ground13_Metallic.tga using Guid(4d2c3481f7fceba4bb8e65a157391583) Importer(815301076,1909f56bfc062723c751e8b465ee728b)  -> (artifact id: 'ef0a16970d9e10179cf86308db604e0a') in 0.029357 seconds 
========================================================================
Received Import Request.
  Time since last request: 1.663599 seconds.
  path: Assets/ADG_Textures/ground_vol1/ground14/ground14_Diffuse.tga
  artifactKey: Guid(b0701a45fb6c40346a84f5fd65653318) Importer(815301076,1909f56bfc062723c751e8b465ee728b)
Start importing Assets/ADG_Textures/ground_vol1/ground14/ground14_Diffuse.tga using Guid(b0701a45fb6c40346a84f5fd65653318) Importer(815301076,1909f56bfc062723c751e8b465ee728b)  -> (artifact id: 'fb541ad4ea1b37029a84f6fdfc352368') in 0.023947 seconds 
========================================================================
Received Import Request.
  Time since last request: 0.007371 seconds.
  path: Assets/ADG_Textures/ground_vol1/ground14/ground14_Metallic.tga
  artifactKey: Guid(65f04b330297cc244aaa78ae4015f466) Importer(815301076,1909f56bfc062723c751e8b465ee728b)
Start importing Assets/ADG_Textures/ground_vol1/ground14/ground14_Metallic.tga using Guid(65f04b330297cc244aaa78ae4015f466) Importer(815301076,1909f56bfc062723c751e8b465ee728b)  -> (artifact id: 'b1eac0b90e254ceb62ea3bb56fa486a7') in 0.027287 seconds 
========================================================================
Received Import Request.
  Time since last request: 1.383754 seconds.
  path: Assets/ADG_Textures/ground_vol1/ground12/ground12_Diffuse.tga
  artifactKey: Guid(e5bdfc3501c76e542bf68ff5e1c84f67) Importer(815301076,1909f56bfc062723c751e8b465ee728b)
Start importing Assets/ADG_Textures/ground_vol1/ground12/ground12_Diffuse.tga using Guid(e5bdfc3501c76e542bf68ff5e1c84f67) Importer(815301076,1909f56bfc062723c751e8b465ee728b)  -> (artifact id: '1e2ac2242c0c0b16e41e71834b1c42f7') in 0.027811 seconds 
========================================================================
Received Import Request.
  Time since last request: 0.000027 seconds.
  path: Assets/ADG_Textures/ground_vol1/ground12/ground12_Metallic.tga
  artifactKey: Guid(a3aed34c5d04f4f43a8e671599061421) Importer(815301076,1909f56bfc062723c751e8b465ee728b)
Start importing Assets/ADG_Textures/ground_vol1/ground12/ground12_Metallic.tga using Guid(a3aed34c5d04f4f43a8e671599061421) Importer(815301076,1909f56bfc062723c751e8b465ee728b)  -> (artifact id: '347e429f977139e087bb81b319e41db3') in 0.031647 seconds 
========================================================================
Received Import Request.
  Time since last request: 52.609036 seconds.
  path: Assets/NatureStarterKit2/Scene/SecondaryTerrain.asset
  artifactKey: Guid(7f570b916f436aa4c9d4676e57349fd4) Importer(815301076,1909f56bfc062723c751e8b465ee728b)
Start importing Assets/NatureStarterKit2/Scene/SecondaryTerrain.asset using Guid(7f570b916f436aa4c9d4676e57349fd4) Importer(815301076,1909f56bfc062723c751e8b465ee728b)  -> (artifact id: '96a8bff22d83ca1bb57c632601195842') in 0.272365 seconds 
